<?xml version="1.0" encoding="UTF-8"?>
<!-- Generated by org.testng.reporters.JUnitReportReporter -->
<testsuite hostname="Sreekumar" name="com.flipkart.qa.testcases.FlipkartLoginPageTest" tests="2" failures="0" timestamp="19 Mar 2021 10:37:53 GMT" time="23.030" errors="0">
  <testcase name="loginLogoTest" time="10.443" classname="com.flipkart.qa.testcases.FlipkartLoginPageTest"/>
  <testcase name="flipkartLoginTest" time="12.587" classname="com.flipkart.qa.testcases.FlipkartLoginPageTest"/>
</testsuite> <!-- com.flipkart.qa.testcases.FlipkartLoginPageTest -->
