<?xml version="1.0" encoding="UTF-8"?>
<!-- Generated by org.testng.reporters.JUnitReportReporter -->
<testsuite hostname="Sreekumar" name="com.flipkart.qa.testcases.FlipkartHomePageTest" tests="4" failures="0" timestamp="19 Mar 2021 09:15:06 GMT" time="63.293" errors="0">
  <testcase name="flipkartHomePageSearchProductAndSelectTest" time="26.060" classname="com.flipkart.qa.testcases.FlipkartHomePageTest"/>
  <testcase name="flipkartHomePageUserDetailsTest" time="14.772" classname="com.flipkart.qa.testcases.FlipkartHomePageTest"/>
  <testcase name="flipkartHomePageLogoTest" time="11.227" classname="com.flipkart.qa.testcases.FlipkartHomePageTest"/>
  <testcase name="flipkartHomePageTitleTest" time="11.234" classname="com.flipkart.qa.testcases.FlipkartHomePageTest"/>
</testsuite> <!-- com.flipkart.qa.testcases.FlipkartHomePageTest -->
