<?xml version="1.0" encoding="UTF-8"?>
<!-- Generated by org.testng.reporters.JUnitReportReporter -->
<testsuite hostname="Sreekumar" name="com.flipkart.qa.testcases.FlipkartHomePageTest" tests="4" failures="0" timestamp="19 Mar 2021 10:37:53 GMT" time="51.443" errors="0">
  <testcase name="flipkartHomePageUserDetailsTest" time="12.076" classname="com.flipkart.qa.testcases.FlipkartHomePageTest"/>
  <testcase name="flipkartHomePageTitleTest" time="8.698" classname="com.flipkart.qa.testcases.FlipkartHomePageTest"/>
  <testcase name="flipkartHomePageLogoTest" time="9.620" classname="com.flipkart.qa.testcases.FlipkartHomePageTest"/>
  <testcase name="flipkartHomePageSearchProductAndSelectTest" time="21.049" classname="com.flipkart.qa.testcases.FlipkartHomePageTest"/>
</testsuite> <!-- com.flipkart.qa.testcases.FlipkartHomePageTest -->
