<?xml version="1.0" encoding="UTF-8"?>
<!-- Generated by org.testng.reporters.JUnitReportReporter -->
<testsuite hostname="Sreekumar" name="com.flipkart.qa.testcases.FlipkartLoginPageTest" tests="2" failures="0" timestamp="19 Mar 2021 09:15:06 GMT" time="33.480" errors="0">
  <testcase name="loginLogoTest" time="17.491" classname="com.flipkart.qa.testcases.FlipkartLoginPageTest"/>
  <testcase name="flipkartLoginTest" time="15.989" classname="com.flipkart.qa.testcases.FlipkartLoginPageTest"/>
</testsuite> <!-- com.flipkart.qa.testcases.FlipkartLoginPageTest -->
