<?xml version="1.0" encoding="UTF-8"?>
<!-- Generated by org.testng.reporters.JUnitReportReporter -->
<testsuite hostname="Sreekumar" name="com.flipkart.qa.testcases.FlipkartCartPageTest" tests="1" failures="0" timestamp="19 Mar 2021 10:37:53 GMT" time="31.499" errors="0">
  <testcase name="flipkartProceedToCheckoutTest" time="31.499" classname="com.flipkart.qa.testcases.FlipkartCartPageTest"/>
</testsuite> <!-- com.flipkart.qa.testcases.FlipkartCartPageTest -->
