<?xml version="1.0" encoding="UTF-8"?>
<!-- Generated by org.testng.reporters.JUnitReportReporter -->
<testsuite hostname="Sreekumar" name="com.flipkart.qa.testcases.FlipkartItemDetailsPageTest" tests="1" failures="0" timestamp="19 Mar 2021 09:15:06 GMT" time="29.674" errors="0">
  <testcase name="flipkartItemDetailsPageAddToCartTest" time="29.674" classname="com.flipkart.qa.testcases.FlipkartItemDetailsPageTest"/>
</testsuite> <!-- com.flipkart.qa.testcases.FlipkartItemDetailsPageTest -->
