<?xml version="1.0" encoding="UTF-8"?>
<!-- Generated by org.testng.reporters.JUnitReportReporter -->
<testsuite hostname="Sreekumar" name="com.flipkart.qa.testcases.FlipkartItemDetailsPageTest" tests="1" failures="0" timestamp="18 Mar 2021 10:41:27 GMT" time="24.132" errors="0">
  <testcase name="flipkartItemDetailsPageAddToCartTest" time="24.132" classname="com.flipkart.qa.testcases.FlipkartItemDetailsPageTest"/>
</testsuite> <!-- com.flipkart.qa.testcases.FlipkartItemDetailsPageTest -->
