<?xml version="1.0" encoding="UTF-8"?>
<!-- Generated by org.testng.reporters.JUnitReportReporter -->
<testsuite hostname="Sreekumar" name="com.flipkart.qa.testcases.FlipkartHomePageTest" tests="4" failures="0" timestamp="18 Mar 2021 10:41:27 GMT" time="55.494" errors="0">
  <testcase name="flipkartHomePageTitleTest" time="9.206" classname="com.flipkart.qa.testcases.FlipkartHomePageTest"/>
  <testcase name="flipkartHomePageSearchProductAndSelectTest" time="24.784" classname="com.flipkart.qa.testcases.FlipkartHomePageTest"/>
  <testcase name="flipkartHomePageUserDetailsTest" time="11.392" classname="com.flipkart.qa.testcases.FlipkartHomePageTest"/>
  <testcase name="flipkartHomePageLogoTest" time="10.112" classname="com.flipkart.qa.testcases.FlipkartHomePageTest"/>
</testsuite> <!-- com.flipkart.qa.testcases.FlipkartHomePageTest -->
