<?xml version="1.0" encoding="UTF-8"?>
<!-- Generated by org.testng.reporters.JUnitReportReporter -->
<testsuite hostname="Sreekumar" name="com.flipkart.qa.testcases.FlipkartLoginPageTest" tests="2" failures="0" timestamp="18 Mar 2021 10:41:27 GMT" time="19.441" errors="0">
  <testcase name="loginLogoTest" time="8.614" classname="com.flipkart.qa.testcases.FlipkartLoginPageTest"/>
  <testcase name="flipkartLoginTest" time="10.827" classname="com.flipkart.qa.testcases.FlipkartLoginPageTest"/>
</testsuite> <!-- com.flipkart.qa.testcases.FlipkartLoginPageTest -->
