<?xml version="1.0" encoding="UTF-8"?>
<!-- Generated by org.testng.reporters.JUnitReportReporter -->
<testsuite hostname="Sreekumar" name="com.flipkart.qa.testcases.FlipkartItemDetailsPageTest" tests="1" failures="0" timestamp="19 Mar 2021 10:34:27 GMT" time="30.014" errors="0">
  <testcase name="flipkartItemDetailsPageAddToCartTest" time="30.014" classname="com.flipkart.qa.testcases.FlipkartItemDetailsPageTest"/>
</testsuite> <!-- com.flipkart.qa.testcases.FlipkartItemDetailsPageTest -->
