<?xml version="1.0" encoding="UTF-8"?>
<!-- Generated by org.testng.reporters.JUnitReportReporter -->
<testsuite hostname="Sreekumar" name="com.flipkart.qa.testcases.FlipkartHomePageTest" tests="4" failures="0" timestamp="19 Mar 2021 10:34:27 GMT" time="64.993" errors="0">
  <testcase name="flipkartHomePageTitleTest" time="8.744" classname="com.flipkart.qa.testcases.FlipkartHomePageTest"/>
  <testcase name="flipkartHomePageSearchProductAndSelectTest" time="27.266" classname="com.flipkart.qa.testcases.FlipkartHomePageTest"/>
  <testcase name="flipkartHomePageUserDetailsTest" time="16.395" classname="com.flipkart.qa.testcases.FlipkartHomePageTest"/>
  <testcase name="flipkartHomePageLogoTest" time="12.588" classname="com.flipkart.qa.testcases.FlipkartHomePageTest"/>
</testsuite> <!-- com.flipkart.qa.testcases.FlipkartHomePageTest -->
