<?xml version="1.0" encoding="UTF-8"?>
<!-- Generated by org.testng.reporters.JUnitReportReporter -->
<testsuite hostname="Sreekumar" name="com.flipkart.qa.testcases.FlipkartCheckOutPageTest" tests="1" failures="0" timestamp="19 Mar 2021 10:34:27 GMT" time="54.942" errors="0">
  <testcase name="flipkartCheckOutTest" time="54.942" classname="com.flipkart.qa.testcases.FlipkartCheckOutPageTest"/>
</testsuite> <!-- com.flipkart.qa.testcases.FlipkartCheckOutPageTest -->
